<?xml version="1.0" encoding="UTF-8"?>
<!-- Generated by org.testng.reporters.JUnitXMLReporter -->
<testsuite ignored="0" hostname="PSPLLAP28" failures="0" tests="5" name="Test" time="64.494" errors="0" timestamp="2026-02-17T17:38:31 IST">
  <testcase classname="com.test.TC_013_CreateWorkFile" name="login" time="3.342"/>
  <testcase classname="com.test.TC_013_CreateWorkFile" name="createClientInformation" time="18.219"/>
  <testcase classname="com.test.TC_013_CreateWorkFile" name="createCustAppt" time="3.79"/>
  <testcase classname="com.test.TC_013_CreateWorkFile" name="previsitForm" time="13.967"/>
  <testcase classname="com.test.TC_013_CreateWorkFile" name="setDataInAtticSection" time="18.708"/>
</testsuite> <!-- Test -->
