<?xml version="1.0" encoding="UTF-8"?>
<!-- Generated by org.testng.reporters.JUnitXMLReporter -->
<testsuite ignored="0" hostname="PSPLLAP28" failures="0" tests="5" name="Test" time="71.291" errors="0" timestamp="2026-02-17T23:57:19 IST">
  <testcase classname="com.test.TC_013_CreateWorkFile" name="login" time="3.55"/>
  <testcase classname="com.test.TC_013_CreateWorkFile" name="createClientInformation" time="20.221"/>
  <testcase classname="com.test.TC_013_CreateWorkFile" name="createCustAppt" time="4.718"/>
  <testcase classname="com.test.TC_013_CreateWorkFile" name="previsitForm" time="17.661"/>
  <testcase classname="com.test.TC_013_CreateWorkFile" name="setDataInAtticSection" time="20.316"/>
</testsuite> <!-- Test -->
