<?xml version="1.0" encoding="UTF-8"?>
<!-- Generated by org.testng.reporters.JUnitReportReporter -->
<testsuite hostname="PSPLLAP28" failures="0" tests="2" name="com.test.TC_008_CreateBatch_Delegate" time="7.657" errors="0" timestamp="2025-12-11T12:16:56 IST" skipped="0">
  <testcase classname="com.test.TC_008_CreateBatch_Delegate" name="login" time="2.692"/>
  <testcase classname="com.test.TC_008_CreateBatch_Delegate" name="createBatch" time="4.965"/>
</testsuite> <!-- com.test.TC_008_CreateBatch_Delegate -->
