<?xml version="1.0" encoding="UTF-8"?>
<testng-results ignored="0" total="5" passed="5" failed="0" skipped="0">
  <reporter-output>
  </reporter-output>
  <suite started-at="2026-02-17T23:56:06 IST" name="Suite" finished-at="2026-02-17T23:57:17 IST" duration-ms="71291">
    <groups>
    </groups>
    <test started-at="2026-02-17T23:56:06 IST" name="Test" finished-at="2026-02-17T23:57:17 IST" duration-ms="71291">
      <class name="com.test.TC_013_CreateWorkFile">
        <test-method is-config="true" signature="setUp(java.lang.String)[pri:0, instance:com.test.TC_013_CreateWorkFile@65d09a04]" started-at="2026-02-17T23:56:06 IST" name="setUp" finished-at="2026-02-17T23:56:11 IST" duration-ms="4173" status="PASS">
          <params>
            <param index="0">
              <value>
                <![CDATA[chrome]]>
              </value>
            </param>
          </params>
          <reporter-output>
          </reporter-output>
        </test-method> <!-- setUp -->
        <test-method signature="login()[pri:1, instance:com.test.TC_013_CreateWorkFile@65d09a04]" started-at="2026-02-17T23:56:11 IST" name="login" finished-at="2026-02-17T23:56:14 IST" duration-ms="3550" status="PASS">
          <reporter-output>
          </reporter-output>
        </test-method> <!-- login -->
        <test-method signature="createClientInformation()[pri:2, instance:com.test.TC_013_CreateWorkFile@65d09a04]" started-at="2026-02-17T23:56:14 IST" name="createClientInformation" finished-at="2026-02-17T23:56:34 IST" duration-ms="20221" status="PASS">
          <reporter-output>
          </reporter-output>
        </test-method> <!-- createClientInformation -->
        <test-method signature="createCustAppt()[pri:3, instance:com.test.TC_013_CreateWorkFile@65d09a04]" started-at="2026-02-17T23:56:34 IST" name="createCustAppt" finished-at="2026-02-17T23:56:39 IST" duration-ms="4718" status="PASS">
          <reporter-output>
          </reporter-output>
        </test-method> <!-- createCustAppt -->
        <test-method signature="previsitForm()[pri:4, instance:com.test.TC_013_CreateWorkFile@65d09a04]" started-at="2026-02-17T23:56:39 IST" name="previsitForm" finished-at="2026-02-17T23:56:57 IST" duration-ms="17661" status="PASS">
          <reporter-output>
          </reporter-output>
        </test-method> <!-- previsitForm -->
        <test-method signature="setDataInAtticSection()[pri:5, instance:com.test.TC_013_CreateWorkFile@65d09a04]" started-at="2026-02-17T23:56:57 IST" name="setDataInAtticSection" finished-at="2026-02-17T23:57:17 IST" duration-ms="20316" status="PASS">
          <reporter-output>
          </reporter-output>
        </test-method> <!-- setDataInAtticSection -->
      </class> <!-- com.test.TC_013_CreateWorkFile -->
    </test> <!-- Test -->
  </suite> <!-- Suite -->
</testng-results>
