<?xml version="1.0" encoding="UTF-8"?>
<testng-results ignored="0" total="5" passed="5" failed="0" skipped="0">
  <reporter-output>
  </reporter-output>
  <suite started-at="2026-02-17T17:37:26 IST" name="Suite" finished-at="2026-02-17T17:38:31 IST" duration-ms="64494">
    <groups>
    </groups>
    <test started-at="2026-02-17T17:37:26 IST" name="Test" finished-at="2026-02-17T17:38:31 IST" duration-ms="64494">
      <class name="com.test.TC_013_CreateWorkFile">
        <test-method is-config="true" signature="setUp(java.lang.String)[pri:0, instance:com.test.TC_013_CreateWorkFile@55b0dcab]" started-at="2026-02-17T17:37:26 IST" name="setUp" finished-at="2026-02-17T17:37:32 IST" duration-ms="6326" status="PASS">
          <params>
            <param index="0">
              <value>
                <![CDATA[chrome]]>
              </value>
            </param>
          </params>
          <reporter-output>
          </reporter-output>
        </test-method> <!-- setUp -->
        <test-method signature="login()[pri:1, instance:com.test.TC_013_CreateWorkFile@55b0dcab]" started-at="2026-02-17T17:37:32 IST" name="login" finished-at="2026-02-17T17:37:36 IST" duration-ms="3342" status="PASS">
          <reporter-output>
          </reporter-output>
        </test-method> <!-- login -->
        <test-method signature="createClientInformation()[pri:2, instance:com.test.TC_013_CreateWorkFile@55b0dcab]" started-at="2026-02-17T17:37:36 IST" name="createClientInformation" finished-at="2026-02-17T17:37:54 IST" duration-ms="18219" status="PASS">
          <reporter-output>
          </reporter-output>
        </test-method> <!-- createClientInformation -->
        <test-method signature="createCustAppt()[pri:3, instance:com.test.TC_013_CreateWorkFile@55b0dcab]" started-at="2026-02-17T17:37:54 IST" name="createCustAppt" finished-at="2026-02-17T17:37:58 IST" duration-ms="3790" status="PASS">
          <reporter-output>
          </reporter-output>
        </test-method> <!-- createCustAppt -->
        <test-method signature="previsitForm()[pri:4, instance:com.test.TC_013_CreateWorkFile@55b0dcab]" started-at="2026-02-17T17:37:58 IST" name="previsitForm" finished-at="2026-02-17T17:38:12 IST" duration-ms="13967" status="PASS">
          <reporter-output>
          </reporter-output>
        </test-method> <!-- previsitForm -->
        <test-method signature="setDataInAtticSection()[pri:5, instance:com.test.TC_013_CreateWorkFile@55b0dcab]" started-at="2026-02-17T17:38:12 IST" name="setDataInAtticSection" finished-at="2026-02-17T17:38:31 IST" duration-ms="18708" status="PASS">
          <reporter-output>
          </reporter-output>
        </test-method> <!-- setDataInAtticSection -->
      </class> <!-- com.test.TC_013_CreateWorkFile -->
    </test> <!-- Test -->
  </suite> <!-- Suite -->
</testng-results>
