<?xml version="1.0" encoding="UTF-8"?>
<testng-results ignored="0" total="1" passed="1" failed="0" skipped="0">
  <reporter-output>
  </reporter-output>
  <suite started-at="2026-02-19T15:03:51 IST" name="Suite" finished-at="2026-02-19T15:03:56 IST" duration-ms="4613">
    <groups>
    </groups>
    <test started-at="2026-02-19T15:03:51 IST" name="Test" finished-at="2026-02-19T15:03:56 IST" duration-ms="4613">
      <class name="com.api.APITesting">
        <test-method signature="getProfileTest()[pri:2, instance:com.api.APITesting@3fc2959f]" started-at="2026-02-19T15:03:51 IST" name="getProfileTest" finished-at="2026-02-19T15:03:56 IST" duration-ms="4535" status="PASS">
          <reporter-output>
          </reporter-output>
        </test-method> <!-- getProfileTest -->
      </class> <!-- com.api.APITesting -->
    </test> <!-- Test -->
  </suite> <!-- Suite -->
</testng-results>
