<?xml version="1.0" encoding="UTF-8"?>
<!-- Generated by org.testng.reporters.JUnitReportReporter -->
<testsuite hostname="PSPLLAP28" failures="0" tests="2" name="com.test.TC_010_CreateNewCollabReq_Delegate" time="7.180" errors="0" timestamp="2025-12-12T12:53:45 IST" skipped="0">
  <testcase classname="com.test.TC_010_CreateNewCollabReq_Delegate" name="login" time="2.662"/>
  <testcase classname="com.test.TC_010_CreateNewCollabReq_Delegate" name="createTcCollabReq" time="4.518"/>
</testsuite> <!-- com.test.TC_010_CreateNewCollabReq_Delegate -->
